==== Cycle 1 ====

The constructor 'Constructor: com.alibaba.fastjson.Fastjson1xReaderModule.Fastjson1xReaderModule' was removed because the Java parameter type 'com.alibaba.fastjson2.reader.ObjectReaderProvider' could not be found.
The class '[Class] com.alibaba.fastjson.Fastjson1xReaderModule' was removed because the Java implemented interface type 'com.alibaba.fastjson2.modules.ObjectReaderModule' could not be found.
The constructor 'Constructor: com.alibaba.fastjson.Fastjson1xWriterModule.Fastjson1xWriterModule' was removed because the Java parameter type 'com.alibaba.fastjson2.writer.ObjectWriterProvider' could not be found.
The class '[Class] com.alibaba.fastjson.Fastjson1xWriterModule' was removed because the Java implemented interface type 'com.alibaba.fastjson2.modules.ObjectWriterModule' could not be found.
The method '[Method] void configFilter(com.alibaba.fastjson2.JSONWriter.Context context, com.alibaba.fastjson.serializer.SerializeFilter filter)' was removed because the Java parameter type 'com.alibaba.fastjson2.JSONWriter.Context' could not be found.
The method '[Method] com.alibaba.fastjson2.JSONReader.Context createReadContext(int featuresValue, com.alibaba.fastjson.parser.Feature... features)' was removed because the Java return type 'com.alibaba.fastjson2.JSONReader.Context' could not be found.
The method '[Method] com.alibaba.fastjson2.JSONWriter.Context createWriteContext(com.alibaba.fastjson.serializer.SerializeConfig config, int featuresValue, com.alibaba.fastjson.serializer.SerializerFeature... features)' was removed because the Java return type 'com.alibaba.fastjson2.JSONWriter.Context' could not be found.
The class '[Class] com.alibaba.fastjson.JSONObject' was removed because the Java implemented interface type 'com.alibaba.fastjson2.util.Wrapper' could not be found.
The constructor 'Constructor: com.alibaba.fastjson.parser.DefaultJSONParser.DefaultJSONParser' was removed because the Java parameter type 'com.alibaba.fastjson2.JSONReader' could not be found.
The method '[Method] com.alibaba.fastjson2.JSONReader getRawReader()' was removed because the Java return type 'com.alibaba.fastjson2.JSONReader' could not be found.
The method '[Method] com.alibaba.fastjson2.JSONReader getReader()' was removed because the Java return type 'com.alibaba.fastjson2.JSONReader' could not be found.
The constructor 'Constructor: com.alibaba.fastjson.parser.JSONScanner.JSONScanner' was removed because the Java parameter type 'com.alibaba.fastjson2.JSONReader' could not be found.
The method '[Method] com.alibaba.fastjson2.JSONReader getReader()' was removed because the Java return type 'com.alibaba.fastjson2.JSONReader' could not be found.
The method '[Method] com.alibaba.fastjson2.reader.ObjectReaderProvider getProvider()' was removed because the Java return type 'com.alibaba.fastjson2.reader.ObjectReaderProvider' could not be found.
The interface 'Interface: com.alibaba.fastjson.parser.ParserConfig.AutoTypeCheckHandler' was removed because the Java implemented interface type 'com.alibaba.fastjson2.JSONReader.AutoTypeBeforeHandler' could not be found.
The interface 'Interface: com.alibaba.fastjson.parser.deserializer.ExtraProcessor' was removed because the Java implemented interface type 'com.alibaba.fastjson2.filter.ExtraProcessor' could not be found.
The interface 'Interface: com.alibaba.fastjson.parser.deserializer.ObjectDeserializer' was removed because the Java implemented interface type 'com.alibaba.fastjson2.reader.ObjectReader' could not be found.
The interface 'Interface: com.alibaba.fastjson.parser.deserializer.ParseProcess' was removed because the Java implemented interface type 'com.alibaba.fastjson2.filter.Filter' could not be found.
The class '[Class] com.alibaba.fastjson.serializer.AfterFilter' was removed because the Java base type 'com.alibaba.fastjson2.filter.AfterFilter' could not be found.
The class '[Class] com.alibaba.fastjson.serializer.BeanContext' was removed because the Java base type 'com.alibaba.fastjson2.filter.BeanContext' could not be found.
The class '[Class] com.alibaba.fastjson.serializer.BeforeFilter' was removed because the Java base type 'com.alibaba.fastjson2.filter.BeforeFilter' could not be found.
The class '[Class] com.alibaba.fastjson.serializer.ContextAutoTypeBeforeHandler' was removed because the Java base type 'com.alibaba.fastjson2.filter.ContextAutoTypeBeforeHandler' could not be found.
The interface 'Interface: com.alibaba.fastjson.serializer.ContextValueFilter' was removed because the Java implemented interface type 'com.alibaba.fastjson2.filter.ContextValueFilter' could not be found.
The constructor 'Constructor: com.alibaba.fastjson.serializer.JavaBeanSerializer.JavaBeanSerializer' was removed because the Java parameter type 'com.alibaba.fastjson2.writer.ObjectWriter' could not be found.
The constructor 'Constructor: com.alibaba.fastjson.serializer.JSONSerializer.JSONSerializer' was removed because the Java parameter type 'com.alibaba.fastjson2.JSONWriter' could not be found.
The interface 'Interface: com.alibaba.fastjson.serializer.LabelFilter' was removed because the Java implemented interface type 'com.alibaba.fastjson2.filter.LabelFilter' could not be found.
The class '[Class] com.alibaba.fastjson.serializer.Labels.DefaultLabelFilter' was removed because the Java base type 'com.alibaba.fastjson2.filter.Labels.DefaultLabelFilter' could not be found.
The interface 'Interface: com.alibaba.fastjson.serializer.NameFilter' was removed because the Java implemented interface type 'com.alibaba.fastjson2.filter.NameFilter' could not be found.
The interface 'Interface: com.alibaba.fastjson.serializer.ObjectSerializer' was removed because the Java implemented interface type 'com.alibaba.fastjson2.writer.ObjectWriter' could not be found.
The class '[Class] com.alibaba.fastjson.serializer.PascalNameFilter' was removed because the Java base type 'com.alibaba.fastjson2.filter.PascalNameFilter' could not be found.
The interface 'Interface: com.alibaba.fastjson.serializer.PropertyFilter' was removed because the Java implemented interface type 'com.alibaba.fastjson2.filter.PropertyFilter' could not be found.
The constructor 'Constructor: com.alibaba.fastjson.serializer.SerializeConfig.SerializeConfig' was removed because the Java parameter type 'com.alibaba.fastjson2.writer.ObjectWriterProvider' could not be found.
The method '[Method] com.alibaba.fastjson2.writer.ObjectWriterProvider getProvider()' was removed because the Java return type 'com.alibaba.fastjson2.writer.ObjectWriterProvider' could not be found.
The field 'Java.Interop.Tools.JavaTypeSystem.Models.JavaFieldModel' was removed because the Java field type 'com.alibaba.fastjson2.writer.ObjectWriterProvider' could not be found.
The class '[Class] com.alibaba.fastjson.serializer.SerializeConfig.ObjectSerializerAdapter' was removed because the Java implemented interface type 'com.alibaba.fastjson2.writer.ObjectWriter' could not be found.
The interface 'Interface: com.alibaba.fastjson.serializer.SerializeFilter' was removed because the Java implemented interface type 'com.alibaba.fastjson2.filter.Filter' could not be found.
The constructor 'Constructor: com.alibaba.fastjson.serializer.SerializeWriter.SerializeWriter' was removed because the Java parameter type 'com.alibaba.fastjson2.JSONWriter' could not be found.
The class '[Class] com.alibaba.fastjson.serializer.SimplePropertyPreFilter' was removed because the Java base type 'com.alibaba.fastjson2.filter.SimplePropertyPreFilter' could not be found.
The method '[Method] void write(com.alibaba.fastjson2.JSONWriter jsonWriter, java.lang.Object object, java.lang.Object fieldName, java.lang.reflect.Type fieldType, long features)' was removed because the Java parameter type 'com.alibaba.fastjson2.JSONWriter' could not be found.
The interface 'Interface: com.alibaba.fastjson.serializer.ValueFilter' was removed because the Java implemented interface type 'com.alibaba.fastjson2.filter.ValueFilter' could not be found.
The class '[Class] com.alibaba.fastjson.support.jaxrs.FastJsonAutoDiscoverable' was removed because the Java implemented interface type 'org.glassfish.jersey.internal.spi.AutoDiscoverable' could not be found.
The class '[Class] com.alibaba.fastjson.support.jaxrs.FastJsonFeature' was removed because the Java implemented interface type 'javax.ws.rs.core.Feature' could not be found.
The class '[Class] com.alibaba.fastjson.support.jaxrs.FastJsonProvider' was removed because the Java implemented interface type 'javax.ws.rs.ext.MessageBodyReader<java.lang.Object>' could not be found.
The class '[Class] com.alibaba.fastjson.support.retrofit.Retrofit2ConverterFactory' was removed because the Java base type 'retrofit2.Converter.Factory' could not be found.
The class '[Class] com.alibaba.fastjson.support.spring.FastJsonHttpMessageConverter' was removed because the Java base type 'org.springframework.http.converter.AbstractHttpMessageConverter<java.lang.Object>' could not be found.
The class '[Class] com.alibaba.fastjson.support.spring.FastJsonRedisSerializer' was removed because the Java implemented interface type 'org.springframework.data.redis.serializer.RedisSerializer<T>' could not be found.
The class '[Class] com.alibaba.fastjson.support.spring.FastjsonSockJsMessageCodec' was removed because the Java base type 'org.springframework.web.socket.sockjs.frame.AbstractSockJsMessageCodec' could not be found.
The class '[Class] com.alibaba.fastjson.support.spring.GenericFastJsonRedisSerializer' was removed because the Java implemented interface type 'org.springframework.data.redis.serializer.RedisSerializer<java.lang.Object>' could not be found.
The class '[Class] com.alibaba.fastjson.support.spring.annotation.FastJsonView' was removed because the Java base type 'org.springframework.web.servlet.view.AbstractView' could not be found.
The class '[Class] com.alibaba.fastjson.support.spring.messaging.MappingFastJsonMessageConverter' was removed because the Java base type 'org.springframework.messaging.converter.AbstractMessageConverter' could not be found.
The class '[Class] com.alibaba.fastjson.util.ParameterizedTypeImpl' was removed because the Java base type 'com.alibaba.fastjson2.util.ParameterizedTypeImpl' could not be found.
The class '[Class] com.ppp.sunmit2printer.DataBinderMapperImpl' was removed because the Java base type 'androidx.databinding.DataBinderMapper' could not be found.
The class '[Class] org.greenrobot.greendao.database.DatabaseOpenHelper.EncryptedHelper' was removed because the Java base type 'net.sqlcipher.database.SQLiteOpenHelper' could not be found.
The constructor 'Constructor: org.greenrobot.greendao.database.EncryptedDatabase.EncryptedDatabase' was removed because the Java parameter type 'net.sqlcipher.database.SQLiteDatabase' could not be found.
The method '[Method] net.sqlcipher.database.SQLiteDatabase getSQLiteDatabase()' was removed because the Java return type 'net.sqlcipher.database.SQLiteDatabase' could not be found.
The constructor 'Constructor: org.greenrobot.greendao.database.EncryptedDatabaseStatement.EncryptedDatabaseStatement' was removed because the Java parameter type 'net.sqlcipher.database.SQLiteStatement' could not be found.
The method '[Method] rx.Scheduler getScheduler()' was removed because the Java return type 'rx.Scheduler' could not be found.
The method '[Method] rx.Observable<R> wrap<R>(java.util.concurrent.Callable<R> callable)' was removed because the Java return type 'rx.Observable<R>' could not be found.
The method '[Method] rx.Observable<R> wrap<R>(rx.Observable<R> observable)' was removed because the Java return type 'rx.Observable<R>' could not be found.
The field 'Java.Interop.Tools.JavaTypeSystem.Models.JavaFieldModel' was removed because the Java field type 'rx.Scheduler' could not be found.
The constructor 'Constructor: org.greenrobot.greendao.rx.RxDao.RxDao' was removed because the Java parameter type 'rx.Scheduler' could not be found.
The method '[Method] rx.Observable<java.lang.Long> count()' was removed because the Java return type 'rx.Observable<java.lang.Long>' could not be found.
The method '[Method] rx.Observable<java.lang.Void> delete(T entity)' was removed because the Java return type 'rx.Observable<java.lang.Void>' could not be found.
The method '[Method] rx.Observable<java.lang.Void> deleteAll()' was removed because the Java return type 'rx.Observable<java.lang.Void>' could not be found.
The method '[Method] rx.Observable<java.lang.Void> deleteByKey(K key)' was removed because the Java return type 'rx.Observable<java.lang.Void>' could not be found.
The method '[Method] rx.Observable<java.lang.Void> deleteByKeyInTx(java.lang.Iterable<K> keys)' was removed because the Java return type 'rx.Observable<java.lang.Void>' could not be found.
The method '[Method] rx.Observable<java.lang.Void> deleteByKeyInTx(K... keys)' was removed because the Java return type 'rx.Observable<java.lang.Void>' could not be found.
The method '[Method] rx.Observable<java.lang.Void> deleteInTx(java.lang.Iterable<T> entities)' was removed because the Java return type 'rx.Observable<java.lang.Void>' could not be found.
The method '[Method] rx.Observable<java.lang.Void> deleteInTx(T... entities)' was removed because the Java return type 'rx.Observable<java.lang.Void>' could not be found.
The method '[Method] rx.Scheduler getScheduler()' was removed because the Java return type 'rx.Scheduler' could not be found.
The method '[Method] rx.Observable<T> insert(T entity)' was removed because the Java return type 'rx.Observable<T>' could not be found.
The method '[Method] rx.Observable<java.lang.Iterable<T>> insertInTx(java.lang.Iterable<T> entities)' was removed because the Java return type 'rx.Observable<java.lang.Iterable<T>>' could not be found.
The method '[Method] rx.Observable<java.lang.Object[]> insertInTx(T... entities)' was removed because the Java return type 'rx.Observable<java.lang.Object[]>' could not be found.
The method '[Method] rx.Observable<T> insertOrReplace(T entity)' was removed because the Java return type 'rx.Observable<T>' could not be found.
The method '[Method] rx.Observable<java.lang.Iterable<T>> insertOrReplaceInTx(java.lang.Iterable<T> entities)' was removed because the Java return type 'rx.Observable<java.lang.Iterable<T>>' could not be found.
The method '[Method] rx.Observable<java.lang.Object[]> insertOrReplaceInTx(T... entities)' was removed because the Java return type 'rx.Observable<java.lang.Object[]>' could not be found.
The method '[Method] rx.Observable<T> load(K key)' was removed because the Java return type 'rx.Observable<T>' could not be found.
The method '[Method] rx.Observable<java.util.List<T>> loadAll()' was removed because the Java return type 'rx.Observable<java.util.List<T>>' could not be found.
The method '[Method] rx.Observable<T> refresh(T entity)' was removed because the Java return type 'rx.Observable<T>' could not be found.
The method '[Method] rx.Observable<T> save(T entity)' was removed because the Java return type 'rx.Observable<T>' could not be found.
The method '[Method] rx.Observable<java.lang.Iterable<T>> saveInTx(java.lang.Iterable<T> entities)' was removed because the Java return type 'rx.Observable<java.lang.Iterable<T>>' could not be found.
The method '[Method] rx.Observable<java.lang.Object[]> saveInTx(T... entities)' was removed because the Java return type 'rx.Observable<java.lang.Object[]>' could not be found.
The method '[Method] rx.Observable<T> update(T entity)' was removed because the Java return type 'rx.Observable<T>' could not be found.
The method '[Method] rx.Observable<java.lang.Iterable<T>> updateInTx(java.lang.Iterable<T> entities)' was removed because the Java return type 'rx.Observable<java.lang.Iterable<T>>' could not be found.
The method '[Method] rx.Observable<java.lang.Object[]> updateInTx(T... entities)' was removed because the Java return type 'rx.Observable<java.lang.Object[]>' could not be found.
The constructor 'Constructor: org.greenrobot.greendao.rx.RxQuery.RxQuery' was removed because the Java parameter type 'rx.Scheduler' could not be found.
The method '[Method] rx.Scheduler getScheduler()' was removed because the Java return type 'rx.Scheduler' could not be found.
The method '[Method] rx.Observable<java.util.List<T>> list()' was removed because the Java return type 'rx.Observable<java.util.List<T>>' could not be found.
The method '[Method] rx.Observable<T> oneByOne()' was removed because the Java return type 'rx.Observable<T>' could not be found.
The method '[Method] rx.Observable<T> unique()' was removed because the Java return type 'rx.Observable<T>' could not be found.
The class '[Class] org.greenrobot.greendao.rx.RxQuery.3' was removed because the Java implemented interface type 'rx.Observable.OnSubscribe<T>' could not be found.
The constructor 'Constructor: org.greenrobot.greendao.rx.RxTransaction.RxTransaction' was removed because the Java parameter type 'rx.Scheduler' could not be found.
The method '[Method] rx.Observable<T> call<T>(java.util.concurrent.Callable<T> callable)' was removed because the Java return type 'rx.Observable<T>' could not be found.
The method '[Method] rx.Scheduler getScheduler()' was removed because the Java return type 'rx.Scheduler' could not be found.
The method '[Method] rx.Observable<java.lang.Void> run(java.lang.Runnable runnable)' was removed because the Java return type 'rx.Observable<java.lang.Void>' could not be found.
The class '[Class] org.greenrobot.greendao.rx.RxTransaction.2' was removed because the Java implemented interface type 'java.util.concurrent.Callable<T>' could not be found.
The class '[Class] org.greenrobot.greendao.rx.RxUtils.1' was removed because the Java implemented interface type 'rx.functions.Func0<rx.Observable<T>>' could not be found.
The class '[Class] org.greenrobot.greendao.test.DbTest' was removed because the Java base type 'android.test.AndroidTestCase' could not be found.
The class '[Class] sunmi.ds.data.DSFiles.FilesDescribeConverter' was removed because the Java implemented interface type 'org.greenrobot.greendao.converter.PropertyConverter<sunmi.ds.data.FilesDescribe, java.lang.String>' could not be found.

==== Cycle 2 ====

The method '[Method] T parseObject<T>(java.io.InputStream is, java.nio.charset.Charset charset, java.lang.reflect.Type objectType, com.alibaba.fastjson.parser.ParserConfig config, com.alibaba.fastjson.parser.deserializer.ParseProcess processor, int featureValues, com.alibaba.fastjson.parser.Feature... features)' was removed because the Java parameter type 'com.alibaba.fastjson.parser.deserializer.ParseProcess' could not be found.
The method '[Method] com.alibaba.fastjson.JSONObject parseObject(java.lang.String str)' was removed because the Java return type 'com.alibaba.fastjson.JSONObject' could not be found.
The method '[Method] T parseObject<T>(java.lang.String str, java.lang.Class<T> objectClass, com.alibaba.fastjson.parser.deserializer.ParseProcess processor, com.alibaba.fastjson.parser.Feature... features)' was removed because the Java parameter type 'com.alibaba.fastjson.parser.deserializer.ParseProcess' could not be found.
The method '[Method] T parseObject<T>(java.lang.String str, java.lang.reflect.Type objectType, com.alibaba.fastjson.parser.deserializer.ParseProcess processor, com.alibaba.fastjson.parser.Feature... features)' was removed because the Java parameter type 'com.alibaba.fastjson.parser.deserializer.ParseProcess' could not be found.
The method '[Method] T parseObject<T>(java.lang.String str, java.lang.reflect.Type objectClass, com.alibaba.fastjson.parser.ParserConfig config, com.alibaba.fastjson.parser.deserializer.ParseProcess processor, int featureValues, com.alibaba.fastjson.parser.Feature... features)' was removed because the Java parameter type 'com.alibaba.fastjson.parser.deserializer.ParseProcess' could not be found.
The method '[Method] com.alibaba.fastjson.JSONObject parseObject(java.lang.String text, com.alibaba.fastjson.parser.Feature... features)' was removed because the Java return type 'com.alibaba.fastjson.JSONObject' could not be found.
The method '[Method] T parseObject<T>(byte[] bytes, int offset, int len, java.nio.charset.Charset charset, java.lang.reflect.Type objectType, com.alibaba.fastjson.parser.ParserConfig config, com.alibaba.fastjson.parser.deserializer.ParseProcess processor, int featureValues, com.alibaba.fastjson.parser.Feature... features)' was removed because the Java parameter type 'com.alibaba.fastjson.parser.deserializer.ParseProcess' could not be found.
The method '[Method] T parseObject<T>(byte[] jsonBytes, java.lang.reflect.Type type, com.alibaba.fastjson.serializer.SerializeFilter filter, com.alibaba.fastjson.parser.Feature... features)' was removed because the Java parameter type 'com.alibaba.fastjson.serializer.SerializeFilter' could not be found.
The method '[Method] T parseObject<T>(byte[] bytes, java.nio.charset.Charset charset, java.lang.reflect.Type objectClass, com.alibaba.fastjson.parser.ParserConfig config, com.alibaba.fastjson.parser.deserializer.ParseProcess processor, int featureValues, com.alibaba.fastjson.parser.Feature... features)' was removed because the Java parameter type 'com.alibaba.fastjson.parser.deserializer.ParseProcess' could not be found.
The method '[Method] com.alibaba.fastjson.JSONObject parseObject<T>(byte[] jsonBytes, com.alibaba.fastjson.parser.Feature... features)' was removed because the Java return type 'com.alibaba.fastjson.JSONObject' could not be found.
The method '[Method] byte[] toJSONBytes(java.lang.Object object, com.alibaba.fastjson.serializer.SerializeConfig config, com.alibaba.fastjson.serializer.SerializeFilter filter, com.alibaba.fastjson.serializer.SerializerFeature... features)' was removed because the Java parameter type 'com.alibaba.fastjson.serializer.SerializeFilter' could not be found.
The method '[Method] byte[] toJSONBytes(java.lang.Object object, com.alibaba.fastjson.serializer.SerializeConfig config, com.alibaba.fastjson.serializer.SerializeFilter[] filters, int defaultFeatures, com.alibaba.fastjson.serializer.SerializerFeature... features)' was removed because the Java parameter type 'com.alibaba.fastjson.serializer.SerializeFilter[]' could not be found.
The method '[Method] byte[] toJSONBytes(java.lang.Object object, com.alibaba.fastjson.serializer.SerializeConfig config, com.alibaba.fastjson.serializer.SerializeFilter[] filters, java.lang.String dateFormat, int defaultFeatures, com.alibaba.fastjson.serializer.SerializerFeature... features)' was removed because the Java parameter type 'com.alibaba.fastjson.serializer.SerializeFilter[]' could not be found.
The method '[Method] byte[] toJSONBytes(java.lang.Object object, com.alibaba.fastjson.serializer.SerializeFilter filter)' was removed because the Java parameter type 'com.alibaba.fastjson.serializer.SerializeFilter' could not be found.
The method '[Method] byte[] toJSONBytes(java.lang.Object object, com.alibaba.fastjson.serializer.SerializeFilter filter, com.alibaba.fastjson.serializer.SerializerFeature... features)' was removed because the Java parameter type 'com.alibaba.fastjson.serializer.SerializeFilter' could not be found.
The method '[Method] byte[] toJSONBytes(java.lang.Object object, com.alibaba.fastjson.serializer.SerializeFilter... filters)' was removed because the Java parameter type 'com.alibaba.fastjson.serializer.SerializeFilter...' could not be found.
The method '[Method] byte[] toJSONBytes(java.lang.Object object, com.alibaba.fastjson.serializer.SerializeFilter[] filters, com.alibaba.fastjson.serializer.SerializerFeature... features)' was removed because the Java parameter type 'com.alibaba.fastjson.serializer.SerializeFilter[]' could not be found.
The method '[Method] byte[] toJSONBytes(java.nio.charset.Charset charset, java.lang.Object object, com.alibaba.fastjson.serializer.SerializeConfig config, com.alibaba.fastjson.serializer.SerializeFilter[] filters, java.lang.String dateFormat, int defaultFeatures, com.alibaba.fastjson.serializer.SerializerFeature... features)' was removed because the Java parameter type 'com.alibaba.fastjson.serializer.SerializeFilter[]' could not be found.
The method '[Method] java.lang.String toJSONString(java.lang.Object object, com.alibaba.fastjson.serializer.SerializeConfig config, com.alibaba.fastjson.serializer.SerializeFilter filter, com.alibaba.fastjson.serializer.SerializerFeature... features)' was removed because the Java parameter type 'com.alibaba.fastjson.serializer.SerializeFilter' could not be found.
The method '[Method] java.lang.String toJSONString(java.lang.Object object, com.alibaba.fastjson.serializer.SerializeConfig config, com.alibaba.fastjson.serializer.SerializeFilter[] filters, java.lang.String dateFormat, int defaultFeatures, com.alibaba.fastjson.serializer.SerializerFeature... features)' was removed because the Java parameter type 'com.alibaba.fastjson.serializer.SerializeFilter[]' could not be found.
The method '[Method] java.lang.String toJSONString(java.lang.Object object, com.alibaba.fastjson.serializer.SerializeConfig config, com.alibaba.fastjson.serializer.SerializeFilter[] filters, com.alibaba.fastjson.serializer.SerializerFeature... features)' was removed because the Java parameter type 'com.alibaba.fastjson.serializer.SerializeFilter[]' could not be found.
The method '[Method] java.lang.String toJSONString(java.lang.Object object, com.alibaba.fastjson.serializer.SerializeFilter filter0, com.alibaba.fastjson.serializer.SerializeFilter filter1, com.alibaba.fastjson.serializer.SerializeFilter... filters)' was removed because the Java parameter type 'com.alibaba.fastjson.serializer.SerializeFilter' could not be found.
The method '[Method] java.lang.String toJSONString(java.lang.Object object, com.alibaba.fastjson.serializer.SerializeFilter filter0, com.alibaba.fastjson.serializer.SerializeFilter filter1, com.alibaba.fastjson.serializer.SerializeFilter... filters)' was removed because the Java parameter type 'com.alibaba.fastjson.serializer.SerializeFilter' could not be found.
The method '[Method] java.lang.String toJSONString(java.lang.Object object, com.alibaba.fastjson.serializer.SerializeFilter filter0, com.alibaba.fastjson.serializer.SerializeFilter filter1, com.alibaba.fastjson.serializer.SerializeFilter... filters)' was removed because the Java parameter type 'com.alibaba.fastjson.serializer.SerializeFilter...' could not be found.
The method '[Method] java.lang.String toJSONString(java.lang.Object object, com.alibaba.fastjson.serializer.SerializeFilter filter, com.alibaba.fastjson.serializer.SerializerFeature... features)' was removed because the Java parameter type 'com.alibaba.fastjson.serializer.SerializeFilter' could not be found.
The method '[Method] java.lang.String toJSONString(java.lang.Object object, com.alibaba.fastjson.serializer.SerializeFilter[] filters, com.alibaba.fastjson.serializer.SerializerFeature... features)' was removed because the Java parameter type 'com.alibaba.fastjson.serializer.SerializeFilter[]' could not be found.
The method '[Method] int writeJSONString(java.io.OutputStream os, java.lang.Object object, com.alibaba.fastjson.serializer.SerializeFilter[] filters)' was removed because the Java parameter type 'com.alibaba.fastjson.serializer.SerializeFilter[]' could not be found.
The method '[Method] int writeJSONString(java.io.OutputStream os, java.lang.Object object, com.alibaba.fastjson.serializer.SerializeFilter[] filters, com.alibaba.fastjson.serializer.SerializerFeature... features)' was removed because the Java parameter type 'com.alibaba.fastjson.serializer.SerializeFilter[]' could not be found.
The method '[Method] int writeJSONString(java.io.OutputStream os, java.nio.charset.Charset charset, java.lang.Object object, com.alibaba.fastjson.serializer.SerializeConfig config, com.alibaba.fastjson.serializer.SerializeFilter[] filters, java.lang.String dateFormat, int defaultFeatures, com.alibaba.fastjson.serializer.SerializerFeature... features)' was removed because the Java parameter type 'com.alibaba.fastjson.serializer.SerializeFilter[]' could not be found.
The method '[Method] com.alibaba.fastjson.JSONObject getJSONObject(int index)' was removed because the Java return type 'com.alibaba.fastjson.JSONObject' could not be found.
The method '[Method] java.lang.reflect.Type intern(com.alibaba.fastjson.util.ParameterizedTypeImpl type)' was removed because the Java parameter type 'com.alibaba.fastjson.util.ParameterizedTypeImpl' could not be found.
The method '[Method] java.lang.Class<? extends com.alibaba.fastjson.parser.ParserConfig.AutoTypeCheckHandler> autoTypeCheckHandler()' was removed because the Java return type 'java.lang.Class<? extends com.alibaba.fastjson.parser.ParserConfig.AutoTypeCheckHandler>' could not be found.
The method '[Method] java.lang.Class<? extends com.alibaba.fastjson.serializer.SerializeFilter>[] serialzeFilters()' was removed because the Java return type 'java.lang.Class<? extends com.alibaba.fastjson.serializer.SerializeFilter>[]' could not be found.
The method '[Method] com.alibaba.fastjson.JSONObject parseObject()' was removed because the Java return type 'com.alibaba.fastjson.JSONObject' could not be found.
The class '[Class] com.alibaba.fastjson.parser.ObjectDeserializerWrapper' was removed because the Java implemented interface type 'com.alibaba.fastjson.parser.deserializer.ObjectDeserializer' could not be found.
The method '[Method] void addAutoTypeCheckHandler(com.alibaba.fastjson.parser.ParserConfig.AutoTypeCheckHandler h)' was removed because the Java parameter type 'com.alibaba.fastjson.parser.ParserConfig.AutoTypeCheckHandler' could not be found.
The method '[Method] com.alibaba.fastjson.parser.deserializer.ObjectDeserializer get(java.lang.reflect.Type type)' was removed because the Java return type 'com.alibaba.fastjson.parser.deserializer.ObjectDeserializer' could not be found.
The method '[Method] com.alibaba.fastjson.parser.deserializer.ObjectDeserializer getDeserializer(java.lang.Class<?> clazz, java.lang.reflect.Type type)' was removed because the Java return type 'com.alibaba.fastjson.parser.deserializer.ObjectDeserializer' could not be found.
The method '[Method] com.alibaba.fastjson.parser.deserializer.ObjectDeserializer getDeserializer(java.lang.reflect.Type type)' was removed because the Java return type 'com.alibaba.fastjson.parser.deserializer.ObjectDeserializer' could not be found.
The method '[Method] void putDeserializer(java.lang.reflect.Type type, com.alibaba.fastjson.parser.deserializer.ObjectDeserializer deserializer)' was removed because the Java parameter type 'com.alibaba.fastjson.parser.deserializer.ObjectDeserializer' could not be found.
The class '[Class] com.alibaba.fastjson.parser.deserializer.JavaBeanDeserializer' was removed because the Java implemented interface type 'com.alibaba.fastjson.parser.deserializer.ObjectDeserializer' could not be found.
The class '[Class] com.alibaba.fastjson.parser.deserializer.MapDeserializer' was removed because the Java implemented interface type 'com.alibaba.fastjson.parser.deserializer.ObjectDeserializer' could not be found.
The class '[Class] com.alibaba.fastjson.serializer.CollectionCodec' was removed because the Java implemented interface type 'com.alibaba.fastjson.serializer.ObjectSerializer' could not be found.
The class '[Class] com.alibaba.fastjson.serializer.JavaBeanSerializer' was removed because the Java implemented interface type 'com.alibaba.fastjson.serializer.ObjectSerializer' could not be found.
The class '[Class] com.alibaba.fastjson.serializer.JSONLibDataFormatSerializer' was removed because the Java implemented interface type 'com.alibaba.fastjson.serializer.ObjectSerializer' could not be found.
The method '[Method] java.util.List<com.alibaba.fastjson.serializer.AfterFilter> getAfterFilters()' was removed because the Java return type 'java.util.List<com.alibaba.fastjson.serializer.AfterFilter>' could not be found.
The method '[Method] java.util.List<com.alibaba.fastjson.serializer.BeforeFilter> getBeforeFilters()' was removed because the Java return type 'java.util.List<com.alibaba.fastjson.serializer.BeforeFilter>' could not be found.
The method '[Method] java.util.List<com.alibaba.fastjson.serializer.NameFilter> getNameFilters()' was removed because the Java return type 'java.util.List<com.alibaba.fastjson.serializer.NameFilter>' could not be found.
The method '[Method] com.alibaba.fastjson.serializer.ObjectSerializer getObjectWriter(java.lang.Class<?> clazz)' was removed because the Java return type 'com.alibaba.fastjson.serializer.ObjectSerializer' could not be found.
The method '[Method] java.util.List<com.alibaba.fastjson.serializer.PropertyFilter> getPropertyFilters()' was removed because the Java return type 'java.util.List<com.alibaba.fastjson.serializer.PropertyFilter>' could not be found.
The method '[Method] java.util.List<com.alibaba.fastjson.serializer.ValueFilter> getValueFilters()' was removed because the Java return type 'java.util.List<com.alibaba.fastjson.serializer.ValueFilter>' could not be found.
The method '[Method] com.alibaba.fastjson.serializer.LabelFilter excludes(java.lang.String... views)' was removed because the Java return type 'com.alibaba.fastjson.serializer.LabelFilter' could not be found.
The method '[Method] com.alibaba.fastjson.serializer.LabelFilter includes(java.lang.String... views)' was removed because the Java return type 'com.alibaba.fastjson.serializer.LabelFilter' could not be found.
The class '[Class] com.alibaba.fastjson.serializer.ListSerializer' was removed because the Java implemented interface type 'com.alibaba.fastjson.serializer.ObjectSerializer' could not be found.
The interface 'Interface: com.alibaba.fastjson.serializer.PropertyPreFilter' was removed because the Java implemented interface type 'com.alibaba.fastjson.serializer.SerializeFilter' could not be found.
The method '[Method] void addFilter(java.lang.Class<?> clazz, com.alibaba.fastjson.serializer.SerializeFilter filter)' was removed because the Java parameter type 'com.alibaba.fastjson.serializer.SerializeFilter' could not be found.
The method '[Method] com.alibaba.fastjson.serializer.ObjectSerializer createJavaBeanSerializer(java.lang.Class<?> clazz)' was removed because the Java return type 'com.alibaba.fastjson.serializer.ObjectSerializer' could not be found.
The method '[Method] com.alibaba.fastjson.serializer.ObjectSerializer get(java.lang.reflect.Type type)' was removed because the Java return type 'com.alibaba.fastjson.serializer.ObjectSerializer' could not be found.
The method '[Method] com.alibaba.fastjson.serializer.ObjectSerializer getObjectWriter(java.lang.Class<?> clazz)' was removed because the Java return type 'com.alibaba.fastjson.serializer.ObjectSerializer' could not be found.
The method '[Method] boolean put(java.lang.reflect.Type type, com.alibaba.fastjson.serializer.ObjectSerializer value)' was removed because the Java parameter type 'com.alibaba.fastjson.serializer.ObjectSerializer' could not be found.
The method '[Method] java.util.List<com.alibaba.fastjson.serializer.AfterFilter> getAfterFilters()' was removed because the Java return type 'java.util.List<com.alibaba.fastjson.serializer.AfterFilter>' could not be found.
The method '[Method] java.util.List<com.alibaba.fastjson.serializer.BeforeFilter> getBeforeFilters()' was removed because the Java return type 'java.util.List<com.alibaba.fastjson.serializer.BeforeFilter>' could not be found.
The method '[Method] java.util.List<com.alibaba.fastjson.serializer.NameFilter> getNameFilters()' was removed because the Java return type 'java.util.List<com.alibaba.fastjson.serializer.NameFilter>' could not be found.
The method '[Method] java.util.List<com.alibaba.fastjson.serializer.PropertyFilter> getPropertyFilters()' was removed because the Java return type 'java.util.List<com.alibaba.fastjson.serializer.PropertyFilter>' could not be found.
The method '[Method] java.util.List<com.alibaba.fastjson.serializer.ValueFilter> getValueFilters()' was removed because the Java return type 'java.util.List<com.alibaba.fastjson.serializer.ValueFilter>' could not be found.
The class '[Class] com.alibaba.fastjson.serializer.SimpleDateFormatSerializer' was removed because the Java implemented interface type 'com.alibaba.fastjson.serializer.ObjectSerializer' could not be found.
The class '[Class] com.alibaba.fastjson.serializer.StringCodec' was removed because the Java implemented interface type 'com.alibaba.fastjson.serializer.ObjectSerializer' could not be found.
The class '[Class] com.alibaba.fastjson.serializer.ToStringSerializer' was removed because the Java implemented interface type 'com.alibaba.fastjson.serializer.ObjectSerializer' could not be found.
The method '[Method] com.alibaba.fastjson.parser.deserializer.ObjectDeserializer createDeserializer(com.alibaba.fastjson.parser.ParserConfig p0, java.lang.Class p1)' was removed because the Java return type 'com.alibaba.fastjson.parser.deserializer.ObjectDeserializer' could not be found.
The method '[Method] com.alibaba.fastjson.serializer.ObjectSerializer createSerializer(com.alibaba.fastjson.serializer.SerializeConfig p0, java.lang.Class p1)' was removed because the Java return type 'com.alibaba.fastjson.serializer.ObjectSerializer' could not be found.
The method '[Method] java.util.Map<java.lang.Class<?>, com.alibaba.fastjson.serializer.SerializeFilter> getClassSerializeFilters()' was removed because the Java return type 'java.util.Map<java.lang.Class<?>, com.alibaba.fastjson.serializer.SerializeFilter>' could not be found.
The method '[Method] com.alibaba.fastjson.parser.deserializer.ParseProcess getParseProcess()' was removed because the Java return type 'com.alibaba.fastjson.parser.deserializer.ParseProcess' could not be found.
The method '[Method] com.alibaba.fastjson.serializer.SerializeFilter[] getSerializeFilters()' was removed because the Java return type 'com.alibaba.fastjson.serializer.SerializeFilter[]' could not be found.
The method '[Method] void setClassSerializeFilters(java.util.Map<java.lang.Class<?>, com.alibaba.fastjson.serializer.SerializeFilter> classSerializeFilters)' was removed because the Java parameter type 'java.util.Map' could not be found.
The method '[Method] void setParseProcess(com.alibaba.fastjson.parser.deserializer.ParseProcess parseProcess)' was removed because the Java parameter type 'com.alibaba.fastjson.parser.deserializer.ParseProcess' could not be found.
The method '[Method] void setSerializeFilters(com.alibaba.fastjson.serializer.SerializeFilter... serializeFilters)' was removed because the Java parameter type 'com.alibaba.fastjson.serializer.SerializeFilter...' could not be found.
The class '[Class] com.alibaba.fastjson.support.spring.PropertyPreFilters.MySimplePropertyPreFilter' was removed because the Java base type 'com.alibaba.fastjson.serializer.SimplePropertyPreFilter' could not be found.
The class '[Class] org.greenrobot.greendao.test.AbstractDaoSessionTest' was removed because the Java base type 'org.greenrobot.greendao.test.DbTest' could not be found.
The class '[Class] org.greenrobot.greendao.test.AbstractDaoTest' was removed because the Java base type 'org.greenrobot.greendao.test.DbTest' could not be found.
The class '[Class] sunmi.ds.data.DSFiles.ListConverter' was removed because the Java implemented interface type 'org.greenrobot.greendao.converter.PropertyConverter<java.util.List<sunmi.ds.data.DSFile>, java.lang.String>' could not be found.

==== Cycle 3 ====

The method '[Method] com.alibaba.fastjson.support.spring.PropertyPreFilters.MySimplePropertyPreFilter addFilter()' was removed because the Java return type 'com.alibaba.fastjson.support.spring.PropertyPreFilters.MySimplePropertyPreFilter' could not be found.
The method '[Method] com.alibaba.fastjson.support.spring.PropertyPreFilters.MySimplePropertyPreFilter addFilter(java.lang.Class<?> clazz, java.lang.String... properties)' was removed because the Java return type 'com.alibaba.fastjson.support.spring.PropertyPreFilters.MySimplePropertyPreFilter' could not be found.
The method '[Method] com.alibaba.fastjson.support.spring.PropertyPreFilters.MySimplePropertyPreFilter addFilter(java.lang.String... properties)' was removed because the Java return type 'com.alibaba.fastjson.support.spring.PropertyPreFilters.MySimplePropertyPreFilter' could not be found.
The method '[Method] java.util.List<com.alibaba.fastjson.support.spring.PropertyPreFilters.MySimplePropertyPreFilter> getFilters()' was removed because the Java return type 'java.util.List<com.alibaba.fastjson.support.spring.PropertyPreFilters.MySimplePropertyPreFilter>' could not be found.
The method '[Method] void setFilters(java.util.List<com.alibaba.fastjson.support.spring.PropertyPreFilters.MySimplePropertyPreFilter> filters)' was removed because the Java parameter type 'java.util.List' could not be found.
The method '[Method] com.alibaba.fastjson.support.spring.PropertyPreFilters.MySimplePropertyPreFilter[] toFilters()' was removed because the Java return type 'com.alibaba.fastjson.support.spring.PropertyPreFilters.MySimplePropertyPreFilter[]' could not be found.
The class '[Class] org.greenrobot.greendao.test.AbstractDaoTestSinglePk' was removed because the Java base type 'org.greenrobot.greendao.test.AbstractDaoTest<D, T, K>' could not be found.

==== Cycle 4 ====

The class '[Class] org.greenrobot.greendao.test.AbstractDaoTestLongPk' was removed because the Java base type 'org.greenrobot.greendao.test.AbstractDaoTestSinglePk<D, T, java.lang.Long>' could not be found.
The class '[Class] org.greenrobot.greendao.test.AbstractDaoTestStringPk' was removed because the Java base type 'org.greenrobot.greendao.test.AbstractDaoTestSinglePk<D, T, java.lang.String>' could not be found.

